[8892:7860:2025-5-27 16:12:23.88] Main Start
[11976:4528:2025-5-27 16:12:23.88] Main Start
[8892:7860:2025-5-27 16:12:23.88] Command line:"C:\Users\USER\Desktop\Prodwex new\assets\iimages\courses\Zoom_cm_ds_m+NLWF7E7KQ2zEhwZcVobLr+YA4Ni6NrunRx8@PX5udARSBikJd9C6_k3e9cb31ec8436517_.exe"  Instance:0xD00000 Show State:1
[11976:4528:2025-5-27 16:12:23.88] Command line:"C:\Users\USER\Desktop\Prodwex new\assets\iimages\courses\Zoom_cm_ds_m+NLWF7E7KQ2zEhwZcVobLr+YA4Ni6NrunRx8@PX5udARSBikJd9C6_k3e9cb31ec8436517_.exe"  Instance:0xD00000 Show State:1
[11976:4528:2025-5-27 16:12:23.92] [app_init] init_opener_worker failed.
[11976:4528:2025-5-27 16:12:23.92] MyMain Failed to init.
[11976:4528:2025-5-27 16:12:23.92] Main End
[8892:7860:2025-5-27 16:12:23.154] Zoo
[8892:12016:2025-5-27 16:12:23.170] [process_requst] start, url:https://zoom.us/conf/launch
[8892:12016:2025-5-27 16:12:32.631] [req_state_read_status_code] zHttpQueryInfo complete, status:200
[8892:12016:2025-5-27 16:12:32.631] [req_state_read_status_code] zHttpQueryInfo complete, status:200 Error: 0
[8892:12016:2025-5-27 16:12:32.631] [read_response_content] API call zHttpQueryInfo failed, error: 12150
[8892:12016:2025-5-27 16:12:32.632] [log_response_content] Content length (1048576 as unknown):1048576 , Total read: 1969 , Error No: 0 , Status code: 200
[8892:12016:2025-5-27 16:12:32.632] [log_response_content] header:
[8892:12016:2025-5-27 16:12:32.632] HTTP/1.1 200 OK
Date: Tue, 27 May 2025 15:12:31 GMT
Content-Type: text/plain;charset=utf-8
Transfer-Encoding: chunked
Connection: keep-alive
x-zm-trackingid: v=2.0;clid=aw1;rid=WEB_4469357ccefe29def330365b8b6edd57
x-content-type-options: nosniff
content-security-policy: upgrade-insecure-requests; default-src https://*.zoom.us https://zoom.us blob: 'self'; img-src https: about: blob: data: 'self'; style-src https: safari-extension: chrome-extension: 'unsafe-inline' data: 'self'; font-src https: safari-extension: chrome-extension: blob: data: 'self'; connect-src * about: blob: data: 'self'; media-src * rtmp: blob: data: 'self'; frame-src https: ms-appx-web: zoommtg: zoomus: wvjbscheme: zoomprc: data: blob: 'self'; object-src 'none'; base-uri 'none';
x-frame-options: SAMEORIGIN
Set-Cookie: _zm_feature=; Max-Age=0; Expires=Thu, 01 Jan 1970 00:00:10 GMT; Secure; HttpOnly
x-zm-zoneid: VA
strict-transport-security: max-age=31536000; includeSubDomains
x-xss-protection: 1; mode=block
referrer-policy: strict-origin-when-cross-origin
vary: accept-encoding
cf-cache-status: DYNAMIC
Set-Cookie: zm_aid=; Max-Age=0; Expires=Thu, 01 Jan 1970 00:00:10 GMT; Domain=zoom.us; Path=/; Secure; HttpOnly
Set-Cookie: zm_haid=; Max-Age=0; Expires=Thu, 01 Jan 1970 00:00:10 GMT; Domain=zoom.us; Path=/; Secure; HttpOnly
Set-Cookie: zm_tmaid=; Max-Age=0; Expires=Thu, 01 Jan 1970 00:00:10 GMT; Domain=zoom.us; Path=/; Secure; HttpOnly
Set-Cookie: zm_htmaid=; Max-Age=0; Expires=Thu, 01 Jan 1970 00:00:10 GMT; Domain=zoom.us; Path=/; Secure; HttpOnly
Set-Cookie: cred=9EFFF10778FD4BC7698F06B59FBDD48A; Path=/; Secure; HttpOnly
Set-Cookie: _zm_page_auth=aw1_c_tKiDXN4hTxikmV8miJI1Kw; Domain=zoom.us; Path=/; Secure; HttpOnly
Set-Cookie: _zm_ssid=aw1_c_0mll5Fn0SKCaxFLp6OYKkw; Domain=zoom.us; Path=/; Secure; HttpOnly
Set-Cookie: _zm_ctaid=KLc7-woCSAi7ba62plIzKw.1748358751828.6e85b0cbdf66e2a97d36a8d87236d835; Max-Age=7200; Expires=Tue, 27 May 2025 17:12:31 GMT; Domain=zoom.us; Path=/; Secure; HttpOnly
Set-Cookie: _zm_chtaid=29; Max-Age=7200; Expires=Tue, 27 May 2025 17:12:31 GMT; Domain=zoom.us; Path=/; Secure; HttpOnly
Set-Cookie: _zm_mtk_guid=13878615c2b3458ba7047b33e68fcba6; Max-Age=63072000; Expires=Thu, 27 May 2027 15:12:31 GMT; Domain=zoom.us; Path=/; Secure
Set-Cookie: __cf_bm=CVdQrWdgF6fcn9NUAV8MOLVRl6ujgvXBWFtJkxxkmBc-1748358751-1.0.1.1-Afu40NuYvhmtiSctuzOWEDmBwql08f0BFnpMmnbXMOxtMKg82OYwGoXShSV5YGXb9TRJ1q2GE2SO9H4OxPdK2xNQ0PfudPoK3B.vyZeKUw8; path=/; expires=Tue, 27-May-25 15:42:31 GMT; domain=.zoom.us; HttpOnly; Secure; SameSite=None
Report-To: {"endpoints":[{"url":"https:\/\/a.nel.cloudflare.com\/report\/v4?s=sqOE6TtnI%2B6QL1buUaFL%2Fuz1T8JgxrkABIhOMjmt2k3eh8hSxCy3GlCLz%2B7xAodQhOf0HiMWc8gY5G3Y8DzDKgRT7MYEds8IRc5xmjEBKHXZL3EHE06QaFQ%3D"}],"group":"cf-nel","max_age":604800}
NEL: {"success_fraction":0.01,"report_to":"cf-nel","max_age":604800}
Server: cloudflare
CF-RAY: 9466737688392bc2-FRA
alt-svc: h3=":443"; ma=86400


[8892:12016:2025-5-27 16:12:32.632] [process_requst] End for url:https://zoom.us/conf/launch, return code:200, Error:0, Response content size:1969
[8892:7860:2025-5-27 16:12:32.691] [client_has_installed_app] found path:
[8892:7860:2025-5-27 16:12:32.691]  ***NULL-POINTER-PLACEHOLDER***
[8892:7860:2025-5-27 16:12:32.692] [param_query_local_path] path is: C:\Users\USER\AppData\Roaming\Zoom\ZoomDownload\ dir create response : 1 system error: 1008
[8892:7860:2025-5-27 16:12:32.692] [downloader_run] State:0
[8892:3032:2025-5-27 16:12:32.709] [process_requst] start, url:https://zoom.us/client/latest/Installer.exe?archType=x64
[8892:7860:2025-5-27 16:12:32.710] [client_has_installed_app] found path:
[8892:7860:2025-5-27 16:12:32.710]  ***NULL-POINTER-PLACEHOLDER***
[8892:3032:2025-5-27 16:12:50.130] [req_state_read_status_code] zHttpQueryInfo complete, status:200
[8892:3032:2025-5-27 16:12:50.130] [req_state_read_status_code] zHttpQueryInfo complete, status:200 Error: 0
[8892:3032:2025-5-27 16:13:1.41] [read_response_file] Status Code:200, content length: 1105720, total read: 1105720, error code: 0
[8892:3032:2025-5-27 16:13:1.49] [process_requst] End for url:https://zoom.us/client/latest/Installer.exe?archType=x64, return code:200, Error:0, Response content size:0
[8892:7860:2025-5-27 16:13:1.70] [handle_download_job_done] Index: 1 Curr index: 1 StatusCode: 200 Error: 0 Response is Empty. 
[8892:3032:2025-5-27 16:13:1.192] [process_requst] start, url:https://zoom.us/client/latest/Zoom.msi?archType=x64
[8892:3032:2025-5-27 16:13:3.994] [req_state_read_status_code] zHttpQueryInfo complete, status:200
[8892:3032:2025-5-27 16:13:3.994] [req_state_read_status_code] zHttpQueryInfo complete, status:200 Error: 0
[8892:7860:2025-5-27 16:16:39.77] [downloader_cancel] State:1
[8892:3032:2025-5-27 16:16:39.246] [read_response_file] Status Code:200, content length: 44331238, total read: 5357568, error code: 1011
[8892:3032:2025-5-27 16:16:39.253] [process_requst] End for url:https://zoom.us/client/latest/Zoom.msi?archType=x64, return code:200, Error:1011, Response content size:0
[8892:7860:2025-5-27 16:16:39.263] Main End
